<?xml version="1.0" encoding="UTF-8"?>
<!-- Generated by org.testng.reporters.JUnitXMLReporter -->
<testsuite hostname="DESKTOP-RUAD0RO" ignored="0" name="Test" tests="1" failures="1" timestamp="01 Feb 2020 06:23:21 GMT" time="92.788" errors="0">
  <testcase name="test_001" time="72.646" classname="com.infosys.netBanking.testCases.TC_001">
    <failure type="java.lang.AssertionError" message="expected [Guru99 Bank Manager HomePage] but found [www.demo.guru99.com]">
      <![CDATA[java.lang.AssertionError: expected [Guru99 Bank Manager HomePage] but found [www.demo.guru99.com]
at com.infosys.netBanking.utilities.commonMethods.getTitle(commonMethods.java:60)
at com.infosys.netBanking.testCases.TC_001.test_001(TC_001.java:37)
... Removed 35 stack frames]]>
    </failure>
  </testcase> <!-- test_001 -->
</testsuite> <!-- Test -->
