-------------------------------------------------------------------------------
Test set: TestSuite
-------------------------------------------------------------------------------
Tests run: 1, Failures: 1, Errors: 0, Skipped: 0, Time elapsed: 95.725 s <<< FAILURE! - in TestSuite
test_001(com.infosys.netBanking.testCases.TC_001)  Time elapsed: 72.661 s  <<< FAILURE!
java.lang.AssertionError: expected [Guru99 Bank Manager HomePage] but found [www.demo.guru99.com]
	at com.infosys.netBanking.testCases.TC_001.test_001(TC_001.java:37)

